Removed Pin From Net: NetName=GSM_TXD Pin=U500-8
Added Pin To Net: NetName=+3V3 Pin=C205-1
Added Pin To Net: NetName=+3V3 Pin=C206-1
Added Pin To Net: NetName=+3V3 Pin=C207-1
Added Pin To Net: NetName=+3V3 Pin=C300-1
Added Pin To Net: NetName=+3V3 Pin=C301-2
Added Pin To Net: NetName=V_GSM Pin=C400-2
Added Pin To Net: NetName=V_GSM Pin=C401-2
Added Pin To Net: NetName=V_GSM Pin=C402-2
Added Pin To Net: NetName=V_GSM Pin=C403-2
Added Pin To Net: NetName=V_GSM Pin=GSM400-2
Added Pin To Net: NetName=+3V3 Pin=L200-2
Added Pin To Net: NetName=+3V3 Pin=R200-2
Added Pin To Net: NetName=+3V3 Pin=R201-1
Added Pin To Net: NetName=+3V3 Pin=R300-2
Added Pin To Net: NetName=+3V3 Pin=U200-5
Change Net Name : Old Net Name=+3V3 New Net Name=VDD
Change Net Name : Old Net Name=+3V3A New Net Name=VDDA
Added Pin To Net: NetName=S_TXD Pin=U500-8
Added Net: Name=S_TXD
Added Rule: Name=Schematic Supply Nets_3
Added Rule: Name=Schematic Supply Nets_10
