Change Component Footprint: Designator=U200 Old Footprint=DSS0012A_V New Footprint=DSS0012A_V
Change Footprint: Footprint Not Found FP-BLM18-0_15-t0_8-IPC_B
Change Component Footprint: Designator=U202 Old Footprint=FP-RGT0016C-MFG New Footprint=FP-RGT0016C-MFG
Change Component Footprint: Designator=U201 Old Footprint=FP-RNM0015A-MFG New Footprint=FP-RNM0015A-MFG
Change Footprint: Footprint Not Found FP-UFQFPN32-A0B8-IPC_B
Add component: Footprint Not Found BAT-2
Added Component: Designator=D200(LED-0603-R)
Add component (AddParameter): Name = "ComponentLink1Description"; Value = "Datasheet link"; VariantName = "[No Variations]"
Add component (AddParameter): Name = "ComponentLink1URL"; Value = "http://media.digikey.com/pdf/Data%20Sheets/Lite-On%20PDFs/LTST-C190GKT.pdf"; VariantName = "[No Variations]"
Add component (AddParameter): Name = "LatestRevisionDate"; Value = "2016-10-04"; VariantName = "[No Variations]"
Add component (AddParameter): Name = "LatestRevisionNote"; Value = "Mech Layer 1 removed."; VariantName = "[No Variations]"
Add component (AddParameter): Name = "Manufacturer"; Value = "Lite-On Inc."; VariantName = "[No Variations]"
Add component (AddParameter): Name = "PackageDescription"; Value = "LED; 2 Leads"; VariantName = "[No Variations]"
Add component (AddParameter): Name = "PackageReference"; Value = "LED-1"; VariantName = "[No Variations]"
Add component (AddParameter): Name = "PartNumber"; Value = "LTST-C190GKT"; VariantName = "[No Variations]"
Add component (AddParameter): Name = "Published"; Value = "8-Jun-2000"; VariantName = "[No Variations]"
Add component (AddParameter): Name = "Publisher"; Value = "Walid Balid"; VariantName = "[No Variations]"
Add component (AddParameter): Name = "RoHS"; Value = "Y"; VariantName = "[No Variations]"
Add component (AddParameter): Name = "Supplier 1"; Value = "Digi-Key"; VariantName = "[No Variations]"
Add component (AddParameter): Name = "Supplier Part Number 1"; Value = "160-1183-1-ND"; VariantName = "[No Variations]"
Added Component: Designator=D201(ONSC-SOD-123FL-2-498_V)
Added Component: Designator=L200(FP-LPS3314-MFG)
Added Component: Designator=L201(FP-XFL4020-MFG)
Added Component: Designator=R211(FP-NTCG10-MFG)
Add Pin To Net: Unknown Pin: Pin BT200-1
Add Pin To Net: Unknown Pin: Pin BT200-2
Added Pin To Net: NetName=NetD200_1 Pin=D200-A
Added Pin To Net: NetName=MCU_SWO Pin=D200-K
Add Pin To Net: Unknown Pin: Pin D201-1
Add Pin To Net: Unknown Pin: Pin D201-2
Add Pin To Net: Unknown Pin: Pin L200-1
Add Pin To Net: Unknown Pin: Pin L200-2
Add Pin To Net: Unknown Pin: Pin L201-1
Add Pin To Net: Unknown Pin: Pin L201-2
Add Pin To Net: Unknown Pin: Pin R211-1
Add Pin To Net: Unknown Pin: Pin R211-2
Add Class Member: Failed to add class member : Component BT200 ER21102MR-145
Added Member To Class: ClassName=Power_test Member=Component D200 LED
Add Class Member: Failed to add class member : Component D201 SZSMF6.0AT1G
Add Class Member: Failed to add class member : Component L200 2.2uf
Add Class Member: Failed to add class member : Component L201 1.5uF
Add Class Member: Failed to add class member : Component R211 10KNTC
