Added Component: Designator=C300(FP-0402-L_1_0_0_05-W_0_5-IPC_B)
Added Component: Designator=C301(FP-CC0603-DA-MFG)
Added Component: Designator=C302(FP-0402-L_1_0_0_05-W_0_5-IPC_B)
Added Component: Designator=C303(FP-CC0603-DA-MFG)
Added Component: Designator=C?(FP-CL10-IPC_C)
Added Component: Designator=C?(FP-0603-L_1_6_0_1-W_0_8_0-IPC_A)
Added Component: Designator=C?(FP-0402-L_1_0_0_05-W_0_5-IPC_B)
Added Component: Designator=C?(FP-0402-L_1_0_0_05-W_0_5-IPC_B)
Added Component: Designator=C?(FP-0603-L_1_6_0_1-W_0_8_0-IPC_B)
Added Component: Designator=C?(FP-CC0603-DA-MFG)
Added Component: Designator=C?(FP-0603-L_1_6_0_1-W_0_8_0-IPC_B)
Added Component: Designator=C?(FP-0402-L_1_0_0_05-W_0_5-IPC_B)
Added Component: Designator=C?(FP-0402-L_1_0_0_05-W_0_5-IPC_B)
Added Component: Designator=C?(FP-CC0603-DA-MFG)
Added Component: Designator=C?(C0402 - duplicate)
Add component (AddParameter): Name = "HelpURL"; Value = "http://www.kemet.com/Lists/ProductCatalog/Attachments/53/KEM_C1002_X7R_SMD.pdf"; VariantName = "[No Variations]"
Add component (AddParameter): Name = "Manufacturer"; Value = "KEMET - Electronic Component"; VariantName = "[No Variations]"
Add component (AddParameter): Name = "Manufacturer Part Number"; Value = "C0603C104K8RACTU"; VariantName = "[No Variations]"
Add component (AddParameter): Name = "Operating Temperature"; Value = "-55°C ~ 125°C"; VariantName = "[No Variations]"
Add component (AddParameter): Name = "Part Number"; Value = "C00062"; VariantName = "[No Variations]"
Add component (AddParameter): Name = "Supplier 1"; Value = "Digi-Key"; VariantName = "[No Variations]"
Add component (AddParameter): Name = "Supplier Part Number 1"; Value = "399-1095-2-ND"; VariantName = "[No Variations]"
Add component (AddParameter): Name = "Temperature Coefficient"; Value = "X7R"; VariantName = "[No Variations]"
Add component (AddParameter): Name = "Tolerance"; Value = "±10%"; VariantName = "[No Variations]"
Add component (AddParameter): Name = "Type"; Value = "CER"; VariantName = "[No Variations]"
Add component (AddParameter): Name = "Value"; Value = "100nF"; VariantName = "[No Variations]"
Add component (AddParameter): Name = "Voltage"; Value = "10V"; VariantName = "[No Variations]"
Added Component: Designator=C?(FP-0402-L_1_0_0_05-W_0_5-IPC_B)
Added Component: Designator=FB?(FP-BLM18-0_15-t0_8-MFG)
Added Component: Designator=R300(FP-AF0402-MFG)
Added Component: Designator=R301(FP-AC0402-MFG)
Added Component: Designator=R302(FP-AF0402-MFG)
Added Component: Designator=R303(FP-AC0402-MFG)
Added Component: Designator=R?(R0402)
Add component (AddParameter): Name = "HelpURL"; Value = "http://www.yageo.com/NewPortal/yageodocoutput?fileName=/pdf/R-Chip/PYu-RC_Group_51_RoHS_L_3.pdf"; VariantName = "[No Variations]"
Add component (AddParameter): Name = "Manufacturer"; Value = "Yageo"; VariantName = "[No Variations]"
Add component (AddParameter): Name = "Manufacturer Part Number"; Value = "RC0603FR-0715RL"; VariantName = "[No Variations]"
Add component (AddParameter): Name = "Operating Temperature"; Value = "-55°C ~ 155°C"; VariantName = "[No Variations]"
Add component (AddParameter): Name = "Part Number"; Value = "R00007"; VariantName = "[No Variations]"
Add component (AddParameter): Name = "Power"; Value = "1/10W"; VariantName = "[No Variations]"
Add component (AddParameter): Name = "Supplier 1"; Value = "Digi-Key"; VariantName = "[No Variations]"
Add component (AddParameter): Name = "Supplier Part Number 1"; Value = "311-15.0HRCT-ND"; VariantName = "[No Variations]"
Add component (AddParameter): Name = "Temperature Coefficient"; Value = "±100ppm/°C"; VariantName = "[No Variations]"
Add component (AddParameter): Name = "Tolerance"; Value = "±1%"; VariantName = "[No Variations]"
Add component (AddParameter): Name = "Value"; Value = "2M37"; VariantName = "[No Variations]"
Added Component: Designator=R?(R0402)
Add component (AddParameter): Name = "HelpURL"; Value = "http://www.yageo.com/NewPortal/yageodocoutput?fileName=/pdf/R-Chip/PYu-RC_Group_51_RoHS_L_3.pdf"; VariantName = "[No Variations]"
Add component (AddParameter): Name = "Manufacturer"; Value = "Yageo"; VariantName = "[No Variations]"
Add component (AddParameter): Name = "Manufacturer Part Number"; Value = "RC0603FR-0715RL"; VariantName = "[No Variations]"
Add component (AddParameter): Name = "Operating Temperature"; Value = "-55°C ~ 155°C"; VariantName = "[No Variations]"
Add component (AddParameter): Name = "Part Number"; Value = "R00007"; VariantName = "[No Variations]"
Add component (AddParameter): Name = "Power"; Value = "1/10W"; VariantName = "[No Variations]"
Add component (AddParameter): Name = "Supplier 1"; Value = "Digi-Key"; VariantName = "[No Variations]"
Add component (AddParameter): Name = "Supplier Part Number 1"; Value = "311-15.0HRCT-ND"; VariantName = "[No Variations]"
Add component (AddParameter): Name = "Temperature Coefficient"; Value = "±100ppm/°C"; VariantName = "[No Variations]"
Add component (AddParameter): Name = "Tolerance"; Value = "±1%"; VariantName = "[No Variations]"
Add component (AddParameter): Name = "Value"; Value = "2M37"; VariantName = "[No Variations]"
Added Component: Designator=S?(SW_B3U-1000P)
Add component (AddParameter): Name = "Alternate Manufacturer"; Value = ""; VariantName = "[No Variations]"
Add component (AddParameter): Name = "Alternate PartNumber"; Value = ""; VariantName = "[No Variations]"
Add component (AddParameter): Name = "Circuit"; Value = "SPST-NO"; VariantName = "[No Variations]"
Add component (AddParameter): Name = "ComponentLink1Description"; Value = "Datasheet URL"; VariantName = "[No Variations]"
Add component (AddParameter): Name = "ComponentLink1URL"; Value = "http://www.components.omron.com/components/web/PDFLIB.nsf/0/2DD3893C7DD33E9E862572900079E9D6/$file/B3U_1110.pdf"; VariantName = "[No Variations]"
Add component (AddParameter): Name = "CompType"; Value = "Switch"; VariantName = "[No Variations]"
Add component (AddParameter): Name = "CurrentRating_mA"; Value = "50"; VariantName = "[No Variations]"
Add component (AddParameter): Name = "LatestRevisionDate"; Value = "2015-03-16"; VariantName = "[No Variations]"
Add component (AddParameter): Name = "Manufacturer"; Value = "Omron Electronic Components"; VariantName = "[No Variations]"
Add component (AddParameter): Name = "MountType"; Value = "SMT"; VariantName = "[No Variations]"
Add component (AddParameter): Name = "Orientation"; Value = "Top Actuated"; VariantName = "[No Variations]"
Add component (AddParameter): Name = "PackageReference"; Value = "3x1.6x2.5mm"; VariantName = "[No Variations]"
Add component (AddParameter): Name = "PartNumber"; Value = "B3U-1000P"; VariantName = "[No Variations]"
Add component (AddParameter): Name = "PositionCount"; Value = "1"; VariantName = "[No Variations]"
Add component (AddParameter): Name = "Publisher"; Value = "Texas Instruments"; VariantName = "[No Variations]"
Add component (AddParameter): Name = "RoHS"; Value = "Y"; VariantName = "[No Variations]"
Add component (AddParameter): Name = "Supplier 1"; Value = "Digi-Key"; VariantName = "[No Variations]"
Add component (AddParameter): Name = "Supplier 2"; Value = "Mouser"; VariantName = "[No Variations]"
Add component (AddParameter): Name = "Supplier 3"; Value = "Farnell"; VariantName = "[No Variations]"
Add component (AddParameter): Name = "Supplier Part Number 1"; Value = "SW1020CT-ND"; VariantName = "[No Variations]"
Add component (AddParameter): Name = "Supplier Part Number 2"; Value = "653-B3U-1000P"; VariantName = "[No Variations]"
Add component (AddParameter): Name = "Supplier Part Number 3"; Value = "1333652"; VariantName = "[No Variations]"
Add component (AddParameter): Name = "SwitchFunction"; Value = "Off-Mom"; VariantName = "[No Variations]"
Add component (AddParameter): Name = "SymbolCreator"; Value = "a0412235"; VariantName = "[No Variations]"
Add component (AddParameter): Name = "SymbolVersion"; Value = "2012-10-29"; VariantName = "[No Variations]"
Add component (AddParameter): Name = "VDC_V"; Value = "12"; VariantName = "[No Variations]"
Added Component: Designator=S?(SW_B3U-1000P)
Add component (AddParameter): Name = "Alternate Manufacturer"; Value = ""; VariantName = "[No Variations]"
Add component (AddParameter): Name = "Alternate PartNumber"; Value = ""; VariantName = "[No Variations]"
Add component (AddParameter): Name = "Circuit"; Value = "SPST-NO"; VariantName = "[No Variations]"
Add component (AddParameter): Name = "ComponentLink1Description"; Value = "Datasheet URL"; VariantName = "[No Variations]"
Add component (AddParameter): Name = "ComponentLink1URL"; Value = "http://www.components.omron.com/components/web/PDFLIB.nsf/0/2DD3893C7DD33E9E862572900079E9D6/$file/B3U_1110.pdf"; VariantName = "[No Variations]"
Add component (AddParameter): Name = "CompType"; Value = "Switch"; VariantName = "[No Variations]"
Add component (AddParameter): Name = "CurrentRating_mA"; Value = "50"; VariantName = "[No Variations]"
Add component (AddParameter): Name = "LatestRevisionDate"; Value = "2015-03-16"; VariantName = "[No Variations]"
Add component (AddParameter): Name = "Manufacturer"; Value = "Omron Electronic Components"; VariantName = "[No Variations]"
Add component (AddParameter): Name = "MountType"; Value = "SMT"; VariantName = "[No Variations]"
Add component (AddParameter): Name = "Orientation"; Value = "Top Actuated"; VariantName = "[No Variations]"
Add component (AddParameter): Name = "PackageReference"; Value = "3x1.6x2.5mm"; VariantName = "[No Variations]"
Add component (AddParameter): Name = "PartNumber"; Value = "B3U-1000P"; VariantName = "[No Variations]"
Add component (AddParameter): Name = "PositionCount"; Value = "1"; VariantName = "[No Variations]"
Add component (AddParameter): Name = "Publisher"; Value = "Texas Instruments"; VariantName = "[No Variations]"
Add component (AddParameter): Name = "RoHS"; Value = "Y"; VariantName = "[No Variations]"
Add component (AddParameter): Name = "Supplier 1"; Value = "Digi-Key"; VariantName = "[No Variations]"
Add component (AddParameter): Name = "Supplier 2"; Value = "Mouser"; VariantName = "[No Variations]"
Add component (AddParameter): Name = "Supplier 3"; Value = "Farnell"; VariantName = "[No Variations]"
Add component (AddParameter): Name = "Supplier Part Number 1"; Value = "SW1020CT-ND"; VariantName = "[No Variations]"
Add component (AddParameter): Name = "Supplier Part Number 2"; Value = "653-B3U-1000P"; VariantName = "[No Variations]"
Add component (AddParameter): Name = "Supplier Part Number 3"; Value = "1333652"; VariantName = "[No Variations]"
Add component (AddParameter): Name = "SwitchFunction"; Value = "Off-Mom"; VariantName = "[No Variations]"
Add component (AddParameter): Name = "SymbolCreator"; Value = "a0412235"; VariantName = "[No Variations]"
Add component (AddParameter): Name = "SymbolVersion"; Value = "2012-10-29"; VariantName = "[No Variations]"
Add component (AddParameter): Name = "VDC_V"; Value = "12"; VariantName = "[No Variations]"
Added Component: Designator=U500(FP-UFQFPN32-A0B8-MFG)
Add Pin To Net: Unknown Pin: Pin C300-1
Add Pin To Net: Unknown Pin: Pin C300-2
Add Pin To Net: Unknown Pin: Pin C301-1
Add Pin To Net: Unknown Pin: Pin C301-2
Add Pin To Net: Unknown Pin: Pin C302-1
Add Pin To Net: Unknown Pin: Pin C302-2
Add Pin To Net: Unknown Pin: Pin C303-1
Add Pin To Net: Unknown Pin: Pin C303-2
Added Pin To Net: NetName=+3V3A Pin=C?-1
Added Pin To Net: NetName=+3V3 Pin=C?-1
Added Pin To Net: NetName=MCU_NRST Pin=C?-1
Added Pin To Net: NetName=MCU_SWO Pin=C?-2
Add Pin To Net: Unknown Pin: Pin FB?-1
Add Pin To Net: Unknown Pin: Pin FB?-2
Add Pin To Net: Unknown Pin: Pin R300-1
Add Pin To Net: Unknown Pin: Pin R300-2
Add Pin To Net: Unknown Pin: Pin R301-1
Add Pin To Net: Unknown Pin: Pin R301-2
Add Pin To Net: Unknown Pin: Pin R302-1
Add Pin To Net: Unknown Pin: Pin R302-2
Add Pin To Net: Unknown Pin: Pin R303-1
Add Pin To Net: Unknown Pin: Pin R303-2
Added Pin To Net: NetName=+3V3 Pin=R?-1
Added Pin To Net: NetName=MCU_SWO Pin=R?-1
Added Pin To Net: NetName=MCU_BOOT0 Pin=R?-2
Added Pin To Net: NetName=MCU_BOOT0 Pin=S?-1
Added Pin To Net: NetName=MCU_SWO Pin=S?-1
Added Pin To Net: NetName=MCU_NRST Pin=S?-2
Add Pin To Net: Unknown Pin: Pin U500-1
Add Pin To Net: Unknown Pin: Pin U500-2
Add Pin To Net: Unknown Pin: Pin U500-3
Add Pin To Net: Unknown Pin: Pin U500-4
Add Pin To Net: Unknown Pin: Pin U500-5
Add Pin To Net: Unknown Pin: Pin U500-16
Add Pin To Net: Unknown Pin: Pin U500-17
Add Pin To Net: Unknown Pin: Pin U500-19
Add Pin To Net: Unknown Pin: Pin U500-20
Add Pin To Net: Unknown Pin: Pin U500-21
Add Pin To Net: Unknown Pin: Pin U500-22
Add Pin To Net: Unknown Pin: Pin U500-23
Add Pin To Net: Unknown Pin: Pin U500-24
Add Pin To Net: Unknown Pin: Pin U500-25
Add Pin To Net: Unknown Pin: Pin U500-30
Add Pin To Net: Unknown Pin: Pin U500-31
Add Pin To Net: Unknown Pin: Pin U500-32
Add Pin To Net: Unknown Pin: Pin U500-33
Added Pin To Net: NetName=NetR?_2 Pin=R?-2
Added Pin To Net: NetName=NetR?_2 Pin=S?-2
Added Net: Name=NetR?_2
Add Class Member: Failed to add class member : Component C300 0.1uF
Add Class Member: Failed to add class member : Component C301 4.7 uF
Add Class Member: Failed to add class member : Component C302 0.1uF
Add Class Member: Failed to add class member : Component C303 10 uF
Added Member To Class: ClassName=MCU_test Member=Component C? CAP
Added Member To Class: ClassName=MCU_test Member=Component C? 4.7 uF
Added Member To Class: ClassName=MCU_test Member=Component C? 0.1uF
Added Member To Class: ClassName=MCU_test Member=Component C? 0.1uF
Added Member To Class: ClassName=MCU_test Member=Component C? 0.1uF
Added Member To Class: ClassName=MCU_test Member=Component C? 0.1uF
Added Member To Class: ClassName=MCU_test Member=Component C? 1uF
Added Member To Class: ClassName=Tracker_test Member=Component C? 1uF
Added Member To Class: ClassName=Tracker_test Member=Component C? 0.1uF
Added Member To Class: ClassName=Tracker_test Member=Component C? 4.7 uF
Added Member To Class: ClassName=Tracker_test Member=Component C? 0.47uF
Added Member To Class: ClassName=Tracker_test Member=Component C? 10uF
Add Class Member: Failed to add class member : Component FB? 330R
Add Class Member: Failed to add class member : Component R300 0O
Add Class Member: Failed to add class member : Component R301 100O
Add Class Member: Failed to add class member : Component R302 0O
Add Class Member: Failed to add class member : Component R303 100O
Added Member To Class: ClassName=MCU_test Member=Component R? 10K
Added Member To Class: ClassName=MCU_test Member=Component R? 1K
Added Member To Class: ClassName=MCU_test Member=Component S? RST
Added Member To Class: ClassName=MCU_test Member=Component S? BOOT
Add Class Member: Failed to add class member : Component U500 STM32L071KBU6
