Add component: Footprint Not Found CAP 0402/1005
Add component: Footprint Not Found CAP 0402/1005
Add component: Footprint Not Found CAP 0402/1005
Add component: Footprint Not Found CAP 0402/1005
Added Component: Designator=MD?(FP-M20050-1-MFG)
Add component (AddParameter): Name = "Ambient Temperature Range High"; Value = "+85°C"; VariantName = "[No Variations]"
Add component (AddParameter): Name = "Ambient Temperature Range Low"; Value = "-40°C"; VariantName = "[No Variations]"
Add component (AddParameter): Name = "Automotive"; Value = "No"; VariantName = "[No Variations]"
Add component (AddParameter): Name = "Bandwidth"; Value = "65MHz"; VariantName = "[No Variations]"
Add component (AddParameter): Name = "Category"; Value = "UNK"; VariantName = "[No Variations]"
Add component (AddParameter): Name = "ComponentLink2Description"; Value = "Datasheet"; VariantName = "[No Variations]"
Add component (AddParameter): Name = "ComponentLink2URL"; Value = "https://www.antenova.com/wp-content/uploads/2017/10/M20050-1-PS-1.1.pdf"; VariantName = "[No Variations]"
Add component (AddParameter): Name = "Device Class L1"; Value = "Integrated Circuits (ICs)"; VariantName = "[No Variations]"
Add component (AddParameter): Name = "Device Class L2"; Value = "RF Semiconductors and Devices"; VariantName = "[No Variations]"
Add component (AddParameter): Name = "Device Class L3"; Value = "RF Receivers"; VariantName = "[No Variations]"
Add component (AddParameter): Name = "Digikey Description"; Value = "RF RCVR GPS 1.575GHZ MODULE"; VariantName = "[No Variations]"
Add component (AddParameter): Name = "Height"; Value = "2mm"; VariantName = "[No Variations]"
Add component (AddParameter): Name = "Interface"; Value = "UART"; VariantName = "[No Variations]"
Add component (AddParameter): Name = "Lead Free"; Value = "Yes"; VariantName = "[No Variations]"
Add component (AddParameter): Name = "Manufacturer"; Value = "Antenova"; VariantName = "[No Variations]"
Add component (AddParameter): Name = "Manufacturer Part Number"; Value = "M20050-1"; VariantName = "[No Variations]"
Add component (AddParameter): Name = "Max Frequency"; Value = "1609MHz"; VariantName = "[No Variations]"
Add component (AddParameter): Name = "Max Supply Voltage"; Value = "4.3V"; VariantName = "[No Variations]"
Add component (AddParameter): Name = "Min Supply Voltage"; Value = "2.8V"; VariantName = "[No Variations]"
Add component (AddParameter): Name = "Nominal Supply Current"; Value = "21-29mA"; VariantName = "[No Variations]"
Add component (AddParameter): Name = "Octopart"; Value = "https://octopart.com/m20050-1-antenova-87984653"; VariantName = "[No Variations]"
Add component (AddParameter): Name = "Package"; Value = "0"; VariantName = "[No Variations]"
Add component (AddParameter): Name = "RoHS"; Value = "TRUE"; VariantName = "[No Variations]"
Add component (AddParameter): Name = "Sensitivity"; Value = "-165dBm"; VariantName = "[No Variations]"
Add component (AddParameter): Name = "Temperature"; Value = "-40°C to +85°C"; VariantName = "[No Variations]"
Add component (AddParameter): Name = "Temperature Range High"; Value = "+85°C"; VariantName = "[No Variations]"
Add component (AddParameter): Name = "Temperature Range Low"; Value = "-40°C"; VariantName = "[No Variations]"
Add component: Footprint Not Found RES 0402/1005
Add component: Footprint Not Found RES 0402/1005
Add component: Footprint Not Found RES 0402/1005
Add component: Footprint Not Found RES 0402/1005
Added Component: Designator=U(XCVR_L96-M33)
Add component (AddParameter): Name = "Availability"; Value = "Unavailable"; VariantName = "[No Variations]"
Add component (AddParameter): Name = "MF"; Value = "Quectel"; VariantName = "[No Variations]"
Add component (AddParameter): Name = "MP"; Value = "L96-M33"; VariantName = "[No Variations]"
Add component (AddParameter): Name = "Package"; Value = "None"; VariantName = "[No Variations]"
Add component (AddParameter): Name = "Price"; Value = "None"; VariantName = "[No Variations]"
Add component (AddParameter): Name = "SnapEDA_Link"; Value = "https://www.snapeda.com/parts/L96-M33/Quectel/view-part/2780781/?ref=snap"; VariantName = "[No Variations]"
Add component (AddParameter): Name = "Value"; Value = ""; VariantName = "[No Variations]"
Added Pin To Net: NetName=GND Pin=U-4
Added Pin To Net: NetName=GND Pin=U-5
Added Pin To Net: NetName=GND Pin=U-10
Added Pin To Net: NetName=GND Pin=U-11
Added Pin To Net: NetName=GND Pin=U-12
Added Pin To Net: NetName=GND Pin=U-13
Added Pin To Net: NetName=GND Pin=U-14
Added Pin To Net: NetName=GND Pin=U-15
Added Pin To Net: NetName=GND Pin=U-18
Added Pin To Net: NetName=GND Pin=U-19
Added Pin To Net: NetName=GND Pin=U-21
Added Pin To Net: NetName=GND Pin=U-22
Added Pin To Net: NetName=GND Pin=U-27
Added Pin To Net: NetName=GND Pin=U-31
Added Net: Name=GND
Added Pin To Net: NetName=GPS_FIX Pin=U-2
Added Net: Name=GPS_FIX
Added Pin To Net: NetName=GPS_FON Pin=U-28
Added Net: Name=GPS_FON
Added Pin To Net: NetName=GPS_GEO Pin=U-24
Added Net: Name=GPS_GEO
Added Pin To Net: NetName=GPS_INT Pin=U-7
Added Net: Name=GPS_INT
Added Pin To Net: NetName=GPS_JAM Pin=U-20
Added Net: Name=GPS_JAM
Added Pin To Net: NetName=GPS_PPS Pin=U-29
Added Net: Name=GPS_PPS
Added Pin To Net: NetName=GPS_RST Pin=U-23
Added Net: Name=GPS_RST
Added Net: Name=GPS_RXD
Added Net: Name=GPS_TXD
Added Pin To Net: NetName=NetR?_1 Pin=U-8
Added Net: Name=NetR?_1
Add Net: Net with name "NetR?_1" already exists
Added Pin To Net: NetName=NetR?_2 Pin=U-26
Added Net: Name=NetR?_2
Add Net: Net with name "NetR?_2" already exists
Add Net: Net with name "NetR?_2" already exists
Added Net: Name=VDD
Added Pin To Net: NetName=VGPS Pin=U-9
Added Net: Name=VGPS
Added Class: Name=GPS_test
Added Class: Name=Power_test
Added Rule: Name=Schematic Supply Nets
Added Rule: Name=Schematic Supply Nets_1
Added Rule: Name=Schematic Supply Nets_2
